# JRE version: OpenJDK Runtime Environment Temurin-17.0.11+9 (17.0.11+9) (build 17.0.11+9)
# Java VM: OpenJDK 64-Bit Server VM Temurin-17.0.11+9 (17.0.11+9, mixed mode, tiered, compressed oops, compressed class ptrs, parallel gc, windows-amd64)
GC Precious Log:
 CPUs: 4 total, 4 available
 Memory: 8090M
 Large Page Support: Disabled
 NUMA Support: Disabled
 Compressed Oops: Enabled (32-bit)
 Alignments: Space 512K, Generation 512K, Heap 2M
 Heap Min Capacity: 100M
 Heap Initial Capacity: 100M
 Heap Max Capacity: 1G
 Pre-touch: Disabled
 Parallel Workers: 4
Heap:
 PSYoungGen      total 22528K, used 17036K [0x00000000eab00000, 0x00000000ec600000, 0x0000000100000000)
  eden space 22016K, 76% used [0x00000000eab00000,0x00000000ebb7b208,0x00000000ec080000)
  from space 512K, 31% used [0x00000000ec500000,0x00000000ec528000,0x00000000ec580000)
  to   space 512K, 0% used [0x00000000ec580000,0x00000000ec580000,0x00000000ec600000)
 ParOldGen       total 68608K, used 37531K [0x00000000c0000000, 0x00000000c4300000, 0x00000000eab00000)
  object space 68608K, 54% used [0x00000000c0000000,0x00000000c24a6cf0,0x00000000c4300000)
 Metaspace       used 65498K, committed 66624K, reserved 1114112K
  class space    used 7953K, committed 8448K, reserved 1048576K
GC Heap History (20 events):
Event: 45.847 GC heap before
{Heap before GC invocations=31 (full 3):
 PSYoungGen      total 24064K, used 22392K [0x00000000eab00000, 0x00000000ec700000, 0x0000000100000000)
  eden space 22016K, 100% used [0x00000000eab00000,0x00000000ec080000,0x00000000ec080000)
  from space 2048K, 18% used [0x00000000ec300000,0x00000000ec35e280,0x00000000ec500000)
  to   space 1024K, 0% used [0x00000000ec600000,0x00000000ec600000,0x00000000ec700000)
 ParOldGen       total 68608K, used 36416K [0x00000000c0000000, 0x00000000c4300000, 0x00000000eab00000)
  object space 68608K, 53% used [0x00000000c0000000,0x00000000c2390318,0x00000000c4300000)
 Metaspace       used 61769K, committed 62848K, reserved 1114112K
  class space    used 7203K, committed 7616K, reserved 1048576K
}
Event: 45.848 GC heap after
{Heap after GC invocations=31 (full 3):
 PSYoungGen      total 23040K, used 1023K [0x00000000eab00000, 0x00000000ec700000, 0x0000000100000000)
  eden space 22016K, 0% used [0x00000000eab00000,0x00000000eab00000,0x00000000ec080000)
  from space 1024K, 99% used [0x00000000ec600000,0x00000000ec6ffdd8,0x00000000ec700000)
  to   space 1536K, 0% used [0x00000000ec400000,0x00000000ec400000,0x00000000ec580000)
 ParOldGen       total 68608K, used 36653K [0x00000000c0000000, 0x00000000c4300000, 0x00000000eab00000)
  object space 68608K, 53% used [0x00000000c0000000,0x00000000c23cb6b8,0x00000000c4300000)
 Metaspace       used 61769K, committed 62848K, reserved 1114112K
  class space    used 7203K, committed 7616K, reserved 1048576K
}
Event: 46.168 GC heap before
{Heap before GC invocations=32 (full 3):
 PSYoungGen      total 23040K, used 23039K [0x00000000eab00000, 0x00000000ec700000, 0x0000000100000000)
  eden space 22016K, 100% used [0x00000000eab00000,0x00000000ec080000,0x00000000ec080000)
  from space 1024K, 99% used [0x00000000ec600000,0x00000000ec6ffdd8,0x00000000ec700000)
  to   space 1536K, 0% used [0x00000000ec400000,0x00000000ec400000,0x00000000ec580000)
 ParOldGen       total 68608K, used 36653K [0x00000000c0000000, 0x00000000c4300000, 0x00000000eab00000)
  object space 68608K, 53% used [0x00000000c0000000,0x00000000c23cb6b8,0x00000000c4300000)
 Metaspace       used 63196K, committed 64256K, reserved 1114112K
  class space    used 7502K, committed 7936K, reserved 1048576K
}
Event: 46.170 GC heap after
{Heap after GC invocations=32 (full 3):
 PSYoungGen      total 23552K, used 192K [0x00000000eab00000, 0x00000000ec680000, 0x0000000100000000)
  eden space 22016K, 0% used [0x00000000eab00000,0x00000000eab00000,0x00000000ec080000)
  from space 1536K, 12% used [0x00000000ec400000,0x00000000ec430000,0x00000000ec580000)
  to   space 1024K, 0% used [0x00000000ec580000,0x00000000ec580000,0x00000000ec680000)
 ParOldGen       total 68608K, used 37019K [0x00000000c0000000, 0x00000000c4300000, 0x00000000eab00000)
  object space 68608K, 53% used [0x00000000c0000000,0x00000000c2426fe0,0x00000000c4300000)
 Metaspace       used 63196K, committed 64256K, reserved 1114112K
  class space    used 7502K, committed 7936K, reserved 1048576K
}
Event: 46.541 GC heap before
{Heap before GC invocations=33 (full 3):
 PSYoungGen      total 23552K, used 22208K [0x00000000eab00000, 0x00000000ec680000, 0x0000000100000000)
  eden space 22016K, 100% used [0x00000000eab00000,0x00000000ec080000,0x00000000ec080000)
  from space 1536K, 12% used [0x00000000ec400000,0x00000000ec430000,0x00000000ec580000)
  to   space 1024K, 0% used [0x00000000ec580000,0x00000000ec580000,0x00000000ec680000)
 ParOldGen       total 68608K, used 37019K [0x00000000c0000000, 0x00000000c4300000, 0x00000000eab00000)
  object space 68608K, 53% used [0x00000000c0000000,0x00000000c2426fe0,0x00000000c4300000)
 Metaspace       used 64194K, committed 65216K, reserved 1114112K
  class space    used 7755K, committed 8192K, reserved 1048576K
}
Event: 46.542 GC heap after
{Heap after GC invocations=33 (full 3):
 PSYoungGen      total 22528K, used 368K [0x00000000eab00000, 0x00000000ec600000, 0x0000000100000000)
  eden space 22016K, 0% used [0x00000000eab00000,0x00000000eab00000,0x00000000ec080000)
  from space 512K, 72% used [0x00000000ec580000,0x00000000ec5dc3c8,0x00000000ec600000)
  to   space 512K, 0% used [0x00000000ec500000,0x00000000ec500000,0x00000000ec580000)
 ParOldGen       total 68608K, used 37131K [0x00000000c0000000, 0x00000000c4300000, 0x00000000eab00000)
  object space 68608K, 54% used [0x00000000c0000000,0x00000000c2442fe0,0x00000000c4300000)
 Metaspace       used 64194K, committed 65216K, reserved 1114112K
  class space    used 7755K, committed 8192K, reserved 1048576K
}
Event: 46.814 GC heap before
{Heap before GC invocations=34 (full 3):
 PSYoungGen      total 22528K, used 22384K [0x00000000eab00000, 0x00000000ec600000, 0x0000000100000000)
  eden space 22016K, 100% used [0x00000000eab00000,0x00000000ec080000,0x00000000ec080000)
  from space 512K, 72% used [0x00000000ec580000,0x00000000ec5dc3c8,0x00000000ec600000)
  to   space 512K, 0% used [0x00000000ec500000,0x00000000ec500000,0x00000000ec580000)
 ParOldGen       total 68608K, used 37131K [0x00000000c0000000, 0x00000000c4300000, 0x00000000eab00000)
  object space 68608K, 54% used [0x00000000c0000000,0x00000000c2442fe0,0x00000000c4300000)
 Metaspace       used 64279K, committed 65344K, reserved 1114112K
  class space    used 7771K, committed 8192K, reserved 1048576K
}
Event: 46.815 GC heap after
{Heap after GC invocations=34 (full 3):
 PSYoungGen      total 22528K, used 440K [0x00000000eab00000, 0x00000000ec600000, 0x0000000100000000)
  eden space 22016K, 0% used [0x00000000eab00000,0x00000000eab00000,0x00000000ec080000)
  from space 512K, 86% used [0x00000000ec500000,0x00000000ec56e228,0x00000000ec580000)
  to   space 512K, 0% used [0x00000000ec580000,0x00000000ec580000,0x00000000ec600000)
 ParOldGen       total 68608K, used 37315K [0x00000000c0000000, 0x00000000c4300000, 0x00000000eab00000)
  object space 68608K, 54% used [0x00000000c0000000,0x00000000c2470cf0,0x00000000c4300000)
 Metaspace       used 64279K, committed 65344K, reserved 1114112K
  class space    used 7771K, committed 8192K, reserved 1048576K
}
Event: 47.051 GC heap before
{Heap before GC invocations=35 (full 3):
 PSYoungGen      total 22528K, used 22456K [0x00000000eab00000, 0x00000000ec600000, 0x0000000100000000)
  eden space 22016K, 100% used [0x00000000eab00000,0x00000000ec080000,0x00000000ec080000)
  from space 512K, 86% used [0x00000000ec500000,0x00000000ec56e228,0x00000000ec580000)
  to   space 512K, 0% used [0x00000000ec580000,0x00000000ec580000,0x00000000ec600000)
 ParOldGen       total 68608K, used 37315K [0x00000000c0000000, 0x00000000c4300000, 0x00000000eab00000)
  object space 68608K, 54% used [0x00000000c0000000,0x00000000c2470cf0,0x00000000c4300000)
 Metaspace       used 64288K, committed 65344K, reserved 1114112K
  class space    used 7772K, committed 8192K, reserved 1048576K
}
Event: 47.053 GC heap after
{Heap after GC invocations=35 (full 3):
 PSYoungGen      total 22528K, used 280K [0x00000000eab00000, 0x00000000ec600000, 0x0000000100000000)
  eden space 22016K, 0% used [0x00000000eab00000,0x00000000eab00000,0x00000000ec080000)
  from space 512K, 54% used [0x00000000ec580000,0x00000000ec5c6228,0x00000000ec600000)
  to   space 512K, 0% used [0x00000000ec500000,0x00000000ec500000,0x00000000ec580000)
 ParOldGen       total 68608K, used 37435K [0x00000000c0000000, 0x00000000c4300000, 0x00000000eab00000)
  object space 68608K, 54% used [0x00000000c0000000,0x00000000c248ecf0,0x00000000c4300000)
 Metaspace       used 64288K, committed 65344K, reserved 1114112K
  class space    used 7772K, committed 8192K, reserved 1048576K
}
Event: 47.401 GC heap before
{Heap before GC invocations=36 (full 3):
 PSYoungGen      total 22528K, used 22296K [0x00000000eab00000, 0x00000000ec600000, 0x0000000100000000)
  eden space 22016K, 100% used [0x00000000eab00000,0x00000000ec080000,0x00000000ec080000)
  from space 512K, 54% used [0x00000000ec580000,0x00000000ec5c6228,0x00000000ec600000)
  to   space 512K, 0% used [0x00000000ec500000,0x00000000ec500000,0x00000000ec580000)
 ParOldGen       total 68608K, used 37435K [0x00000000c0000000, 0x00000000c4300000, 0x00000000eab00000)
  object space 68608K, 54% used [0x00000000c0000000,0x00000000c248ecf0,0x00000000c4300000)
 Metaspace       used 64290K, committed 65344K, reserved 1114112K
  class space    used 7772K, committed 8192K, reserved 1048576K
}
Event: 47.402 GC heap after
{Heap after GC invocations=36 (full 3):
 PSYoungGen      total 22528K, used 160K [0x00000000eab00000, 0x00000000ec600000, 0x0000000100000000)
  eden space 22016K, 0% used [0x00000000eab00000,0x00000000eab00000,0x00000000ec080000)
  from space 512K, 31% used [0x00000000ec500000,0x00000000ec528000,0x00000000ec580000)
  to   space 512K, 0% used [0x00000000ec580000,0x00000000ec580000,0x00000000ec600000)
 ParOldGen       total 68608K, used 37459K [0x00000000c0000000, 0x00000000c4300000, 0x00000000eab00000)
  object space 68608K, 54% used [0x00000000c0000000,0x00000000c2494cf0,0x00000000c4300000)
 Metaspace       used 64290K, committed 65344K, reserved 1114112K
  class space    used 7772K, committed 8192K, reserved 1048576K
}
Event: 47.817 GC heap before
{Heap before GC invocations=37 (full 3):
 PSYoungGen      total 22528K, used 22176K [0x00000000eab00000, 0x00000000ec600000, 0x0000000100000000)
  eden space 22016K, 100% used [0x00000000eab00000,0x00000000ec080000,0x00000000ec080000)
  from space 512K, 31% used [0x00000000ec500000,0x00000000ec528000,0x00000000ec580000)
  to   space 512K, 0% used [0x00000000ec580000,0x00000000ec580000,0x00000000ec600000)
 ParOldGen       total 68608K, used 37459K [0x00000000c0000000, 0x00000000c4300000, 0x00000000eab00000)
  object space 68608K, 54% used [0x00000000c0000000,0x00000000c2494cf0,0x00000000c4300000)
 Metaspace       used 64291K, committed 65344K, reserved 1114112K
  class space    used 7772K, committed 8192K, reserved 1048576K
}
Event: 47.818 GC heap after
{Heap after GC invocations=37 (full 3):
 PSYoungGen      total 22528K, used 208K [0x00000000eab00000, 0x00000000ec600000, 0x0000000100000000)
  eden space 22016K, 0% used [0x00000000eab00000,0x00000000eab00000,0x00000000ec080000)
  from space 512K, 40% used [0x00000000ec580000,0x00000000ec5b4010,0x00000000ec600000)
  to   space 512K, 0% used [0x00000000ec500000,0x00000000ec500000,0x00000000ec580000)
 ParOldGen       total 68608K, used 37475K [0x00000000c0000000, 0x00000000c4300000, 0x00000000eab00000)
  object space 68608K, 54% used [0x00000000c0000000,0x00000000c2498cf0,0x00000000c4300000)
 Metaspace       used 64291K, committed 65344K, reserved 1114112K
  class space    used 7772K, committed 8192K, reserved 1048576K
}
Event: 48.281 GC heap before
{Heap before GC invocations=38 (full 3):
 PSYoungGen      total 22528K, used 22224K [0x00000000eab00000, 0x00000000ec600000, 0x0000000100000000)
  eden space 22016K, 100% used [0x00000000eab00000,0x00000000ec080000,0x00000000ec080000)
  from space 512K, 40% used [0x00000000ec580000,0x00000000ec5b4010,0x00000000ec600000)
  to   space 512K, 0% used [0x00000000ec500000,0x00000000ec500000,0x00000000ec580000)
 ParOldGen       total 68608K, used 37475K [0x00000000c0000000, 0x00000000c4300000, 0x00000000eab00000)
  object space 68608K, 54% used [0x00000000c0000000,0x00000000c2498cf0,0x00000000c4300000)
 Metaspace       used 64291K, committed 65344K, reserved 1114112K
  class space    used 7772K, committed 8192K, reserved 1048576K
}
Event: 48.282 GC heap after
{Heap after GC invocations=38 (full 3):
 PSYoungGen      total 22528K, used 160K [0x00000000eab00000, 0x00000000ec600000, 0x0000000100000000)
  eden space 22016K, 0% used [0x00000000eab00000,0x00000000eab00000,0x00000000ec080000)
  from space 512K, 31% used [0x00000000ec500000,0x00000000ec528000,0x00000000ec580000)
  to   space 512K, 0% used [0x00000000ec580000,0x00000000ec580000,0x00000000ec600000)
 ParOldGen       total 68608K, used 37499K [0x00000000c0000000, 0x00000000c4300000, 0x00000000eab00000)
  object space 68608K, 54% used [0x00000000c0000000,0x00000000c249ecf0,0x00000000c4300000)
 Metaspace       used 64291K, committed 65344K, reserved 1114112K
  class space    used 7772K, committed 8192K, reserved 1048576K
}
Event: 48.721 GC heap before
{Heap before GC invocations=39 (full 3):
 PSYoungGen      total 22528K, used 22176K [0x00000000eab00000, 0x00000000ec600000, 0x0000000100000000)
  eden space 22016K, 100% used [0x00000000eab00000,0x00000000ec080000,0x00000000ec080000)
  from space 512K, 31% used [0x00000000ec500000,0x00000000ec528000,0x00000000ec580000)
  to   space 512K, 0% used [0x00000000ec580000,0x00000000ec580000,0x00000000ec600000)
 ParOldGen       total 68608K, used 37499K [0x00000000c0000000, 0x00000000c4300000, 0x00000000eab00000)
  object space 68608K, 54% used [0x00000000c0000000,0x00000000c249ecf0,0x00000000c4300000)
 Metaspace       used 64291K, committed 65344K, reserved 1114112K
  class space    used 7772K, committed 8192K, reserved 1048576K
}
Event: 48.722 GC heap after
{Heap after GC invocations=39 (full 3):
 PSYoungGen      total 22528K, used 192K [0x00000000eab00000, 0x00000000ec600000, 0x0000000100000000)
  eden space 22016K, 0% used [0x00000000eab00000,0x00000000eab00000,0x00000000ec080000)
  from space 512K, 37% used [0x00000000ec580000,0x00000000ec5b0000,0x00000000ec600000)
  to   space 512K, 0% used [0x00000000ec500000,0x00000000ec500000,0x00000000ec580000)
 ParOldGen       total 68608K, used 37515K [0x00000000c0000000, 0x00000000c4300000, 0x00000000eab00000)
  object space 68608K, 54% used [0x00000000c0000000,0x00000000c24a2cf0,0x00000000c4300000)
 Metaspace       used 64291K, committed 65344K, reserved 1114112K
  class space    used 7772K, committed 8192K, reserved 1048576K
}
Event: 49.104 GC heap before
{Heap before GC invocations=40 (full 3):
 PSYoungGen      total 22528K, used 22208K [0x00000000eab00000, 0x00000000ec600000, 0x0000000100000000)
  eden space 22016K, 100% used [0x00000000eab00000,0x00000000ec080000,0x00000000ec080000)
  from space 512K, 37% used [0x00000000ec580000,0x00000000ec5b0000,0x00000000ec600000)
  to   space 512K, 0% used [0x00000000ec500000,0x00000000ec500000,0x00000000ec580000)
 ParOldGen       total 68608K, used 37515K [0x00000000c0000000, 0x00000000c4300000, 0x00000000eab00000)
  object space 68608K, 54% used [0x00000000c0000000,0x00000000c24a2cf0,0x00000000c4300000)
 Metaspace       used 64408K, committed 65536K, reserved 1114112K
  class space    used 7792K, committed 8256K, reserved 1048576K
}
Event: 49.105 GC heap after
{Heap after GC invocations=40 (full 3):
 PSYoungGen      total 22528K, used 160K [0x00000000eab00000, 0x00000000ec600000, 0x0000000100000000)
  eden space 22016K, 0% used [0x00000000eab00000,0x00000000eab00000,0x00000000ec080000)
  from space 512K, 31% used [0x00000000ec500000,0x00000000ec528000,0x00000000ec580000)
  to   space 512K, 0% used [0x00000000ec580000,0x00000000ec580000,0x00000000ec600000)
 ParOldGen       total 68608K, used 37531K [0x00000000c0000000, 0x00000000c4300000, 0x00000000eab00000)
  object space 68608K, 54% used [0x00000000c0000000,0x00000000c24a6cf0,0x00000000c4300000)
 Metaspace       used 64408K, committed 65536K, reserved 1114112K
  class space    used 7792K, committed 8256K, reserved 1048576K
}

